期中实验/NotePad-master/app/build/intermediates/manifest_merge_blame_file/debug/manifest-merger-blame-debug-report.txt
1<?xml version="1.0" encoding="utf-8"?>
2<manifest xmlns:android="http://schemas.android.com/apk/res/android"
3    package="com.example.android.notepad"
4    android:versionCode="1"
5    android:versionName="1.0" >
6
7    <uses-sdk
8        android:minSdkVersion="24"
8-->src\main\AndroidManifest.xml
9        android:targetSdkVersion="29" />
9-->src\main\AndroidManifest.xml
10
11    <application
11-->src\main\AndroidManifest.xml:4:5-93:19
12        android:appComponentFactory="android.support.v4.app.CoreComponentFactory"
12-->[com.android.support:support-compat:28.0.0] AndroidManifest.xml:22:18-91
13        android:debuggable="true"
14        android:icon="@drawable/app_notes"
14-->src\main\AndroidManifest.xml:4:18-52
15        android:label="@string/app_name"
15-->src\main\AndroidManifest.xml:5:9-41
16        android:testOnly="true" >
17        <provider
17-->src\main\AndroidManifest.xml:6:9-10:20
18            android:name="com.example.android.notepad.NotePadProvider"
18-->src\main\AndroidManifest.xml:6:19-49
19            android:authorities="com.google.provider.NotePad"
19-->src\main\AndroidManifest.xml:7:13-62
20            android:exported="false" >
20-->src\main\AndroidManifest.xml:8:13-37
21            <grant-uri-permission android:pathPattern=".*" />
21-->src\main\AndroidManifest.xml:9:13-62
21-->src\main\AndroidManifest.xml:9:35-59
22        </provider>
23
24        <activity
24-->src\main\AndroidManifest.xml:11:9-28:20
25            android:name="com.example.android.notepad.NotesList"
25-->src\main\AndroidManifest.xml:11:19-43
26            android:label="@string/title_notes_list" >
26-->src\main\AndroidManifest.xml:11:44-84
27            <intent-filter>
27-->src\main\AndroidManifest.xml:12:13-15:29
28                <action android:name="android.intent.action.MAIN" />
28-->src\main\AndroidManifest.xml:13:17-69
28-->src\main\AndroidManifest.xml:13:25-66
29
30                <category android:name="android.intent.category.LAUNCHER" />
30-->src\main\AndroidManifest.xml:14:17-77
30-->src\main\AndroidManifest.xml:14:27-74
31            </intent-filter>
32            <intent-filter>
32-->src\main\AndroidManifest.xml:16:13-22:29
33                <action android:name="android.intent.action.VIEW" />
33-->src\main\AndroidManifest.xml:17:17-69
33-->src\main\AndroidManifest.xml:17:25-66
34                <action android:name="android.intent.action.EDIT" />
34-->src\main\AndroidManifest.xml:18:17-69
34-->src\main\AndroidManifest.xml:18:25-66
35                <action android:name="android.intent.action.PICK" />
35-->src\main\AndroidManifest.xml:19:17-69
35-->src\main\AndroidManifest.xml:19:25-66
36
37                <category android:name="android.intent.category.DEFAULT" />
37-->src\main\AndroidManifest.xml:20:17-76
37-->src\main\AndroidManifest.xml:20:27-73
38
39                <data android:mimeType="vnd.android.cursor.dir/vnd.google.note" />
39-->src\main\AndroidManifest.xml:21:17-83
39-->src\main\AndroidManifest.xml:21:23-80
40            </intent-filter>
41            <intent-filter>
41-->src\main\AndroidManifest.xml:23:13-27:29
42                <action android:name="android.intent.action.GET_CONTENT" />
42-->src\main\AndroidManifest.xml:24:17-76
42-->src\main\AndroidManifest.xml:24:25-73
43
44                <category android:name="android.intent.category.DEFAULT" />
44-->src\main\AndroidManifest.xml:20:17-76
44-->src\main\AndroidManifest.xml:20:27-73
45
46                <data android:mimeType="vnd.android.cursor.item/vnd.google.note" />
46-->src\main\AndroidManifest.xml:21:17-83
46-->src\main\AndroidManifest.xml:21:23-80
47            </intent-filter>
48        </activity>
49        <activity
49-->src\main\AndroidManifest.xml:30:9-56:20
50            android:name="com.example.android.notepad.NoteEditor"
50-->src\main\AndroidManifest.xml:30:19-44
51            android:configChanges="keyboardHidden|orientation"
51-->src\main\AndroidManifest.xml:33:13-63
52            android:screenOrientation="sensor"
52-->src\main\AndroidManifest.xml:32:13-47
53            android:theme="@android:style/Theme.Holo.Light" >
53-->src\main\AndroidManifest.xml:31:13-60
54
55            <!--
56                 This filter says that we can view or edit the data of
57                 a single note
58            -->
59            <intent-filter android:label="@string/resolve_edit" >
59-->src\main\AndroidManifest.xml:37:13-43:29
59-->src\main\AndroidManifest.xml:37:28-64
60                <action android:name="android.intent.action.VIEW" />
60-->src\main\AndroidManifest.xml:17:17-69
60-->src\main\AndroidManifest.xml:17:25-66
61                <action android:name="android.intent.action.EDIT" />
61-->src\main\AndroidManifest.xml:18:17-69
61-->src\main\AndroidManifest.xml:18:25-66
62                <action android:name="com.android.notepad.action.EDIT_NOTE" />
62-->src\main\AndroidManifest.xml:40:17-79
62-->src\main\AndroidManifest.xml:40:25-76
63
64                <category android:name="android.intent.category.DEFAULT" />
64-->src\main\AndroidManifest.xml:20:17-76
64-->src\main\AndroidManifest.xml:20:27-73
65
66                <data android:mimeType="vnd.android.cursor.item/vnd.google.note" />
66-->src\main\AndroidManifest.xml:21:17-83
66-->src\main\AndroidManifest.xml:21:23-80
67            </intent-filter>
68
69            <!--
70                 This filter says that we can create a new note inside
71                 of a directory of notes.  The INSERT action creates an
72                 empty note; the PASTE action initializes a new note from
73                 the current contents of the clipboard.
74            -->
75            <intent-filter>
75-->src\main\AndroidManifest.xml:49:13-54:29
76                <action android:name="android.intent.action.INSERT" />
76-->src\main\AndroidManifest.xml:50:17-71
76-->src\main\AndroidManifest.xml:50:25-68
77                <action android:name="android.intent.action.PASTE" />
77-->src\main\AndroidManifest.xml:51:17-70
77-->src\main\AndroidManifest.xml:51:25-67
78
79                <category android:name="android.intent.category.DEFAULT" />
79-->src\main\AndroidManifest.xml:20:17-76
79-->src\main\AndroidManifest.xml:20:27-73
80
81                <data android:mimeType="vnd.android.cursor.dir/vnd.google.note" />
81-->src\main\AndroidManifest.xml:21:17-83
81-->src\main\AndroidManifest.xml:21:23-80
82            </intent-filter>
83        </activity>
84        <activity
84-->src\main\AndroidManifest.xml:58:9-83:20
85            android:name="com.example.android.notepad.TitleEditor"
85-->src\main\AndroidManifest.xml:58:19-45
86            android:icon="@drawable/ic_menu_edit"
86-->src\main\AndroidManifest.xml:60:13-50
87            android:label="@string/title_edit_title"
87-->src\main\AndroidManifest.xml:59:13-53
88            android:theme="@android:style/Theme.Holo.Dialog"
88-->src\main\AndroidManifest.xml:61:13-61
89            android:windowSoftInputMode="stateVisible" >
89-->src\main\AndroidManifest.xml:62:13-55
90
91            <!--
92                 This activity implements an alternative action that can be
93                 performed on notes: editing their title.  It can be used as
94                 a default operation if the user invokes this action, and is
95                 available as an alternative action for any note data.
96            -->
97            <intent-filter android:label="@string/resolve_title" >
97-->src\main\AndroidManifest.xml:67:13-82:29
97-->src\main\AndroidManifest.xml:67:28-65
98
99                <!--
100                     This is the action we perform.  It is a custom action we
101                     define for our application, not a generic VIEW or EDIT
102                     action since we are not a general note viewer/editor.
103                -->
104                <action android:name="com.android.notepad.action.EDIT_TITLE" />
104-->src\main\AndroidManifest.xml:71:17-80
104-->src\main\AndroidManifest.xml:71:25-77
105                <!-- DEFAULT: execute if being directly invoked. -->
106                <category android:name="android.intent.category.DEFAULT" />
106-->src\main\AndroidManifest.xml:20:17-76
106-->src\main\AndroidManifest.xml:20:27-73
107                <!--
108                     ALTERNATIVE: show as an alternative action when the user is
109                     working with this type of data.
110                -->
111                <category android:name="android.intent.category.ALTERNATIVE" />
111-->src\main\AndroidManifest.xml:76:17-80
111-->src\main\AndroidManifest.xml:76:27-77
112                <!--
113                     SELECTED_ALTERNATIVE: show as an alternative action the user
114                     can perform when selecting this type of data.
115                -->
116                <category android:name="android.intent.category.SELECTED_ALTERNATIVE" />
116-->src\main\AndroidManifest.xml:79:17-89
116-->src\main\AndroidManifest.xml:79:27-86
117                <!-- This is the data type we operate on. -->
118                <data android:mimeType="vnd.android.cursor.item/vnd.google.note" />
118-->src\main\AndroidManifest.xml:21:17-83
118-->src\main\AndroidManifest.xml:21:23-80
119            </intent-filter>
120        </activity>
121        <activity
121-->src\main\AndroidManifest.xml:85:9-91:20
122            android:name="com.example.android.notepad.NotesLiveFolder"
122-->src\main\AndroidManifest.xml:85:19-49
123            android:icon="@drawable/live_folder_notes"
123-->src\main\AndroidManifest.xml:86:13-55
124            android:label="@string/live_folder_name" >
124-->src\main\AndroidManifest.xml:85:50-90
125            <intent-filter>
125-->src\main\AndroidManifest.xml:87:13-90:29
126                <action android:name="android.intent.action.CREATE_LIVE_FOLDER" />
126-->src\main\AndroidManifest.xml:88:17-83
126-->src\main\AndroidManifest.xml:88:25-80
127
128                <category android:name="android.intent.category.DEFAULT" />
128-->src\main\AndroidManifest.xml:20:17-76
128-->src\main\AndroidManifest.xml:20:27-73
129            </intent-filter>
130        </activity>
131    </application>
132
133</manifest>